Thu Jun 15 14:53:42 2023       
+---------------------------------------------------------------------------------------+
| NVIDIA-SMI 530.30.02              Driver Version: 530.30.02    CUDA Version: 12.1     |
|-----------------------------------------+----------------------+----------------------+
| GPU  Name                  Persistence-M| Bus-Id        Disp.A | Volatile Uncorr. ECC |
| Fan  Temp  Perf            Pwr:Usage/Cap|         Memory-Usage | GPU-Util  Compute M. |
|                                         |                      |               MIG M. |
|=========================================+======================+======================|
|   0  NVIDIA A40                      On | 00000000:E2:00.0 Off |                    0 |
|  0%   30C    P8               28W / 300W|      0MiB / 46068MiB |      0%      Default |
|                                         |                      |                  N/A |
+-----------------------------------------+----------------------+----------------------+
                                                                                         
+---------------------------------------------------------------------------------------+
| Processes:                                                                            |
|  GPU   GI   CI        PID   Type   Process name                            GPU Memory |
|        ID   ID                                                             Usage      |
|=======================================================================================|
|  No running processes found                                                           |
+---------------------------------------------------------------------------------------+

Currently Loaded Modules:
  1) cuda/11.1   2) cudnn/11.1-8.0.5.39   3) miniconda/3.9

 

Executing script 
Running on node gpu07.hpc.tudelft.nl
Standard output:
/tudelft.net/staff-bulk/ewi/insy/CYS/shoarmin/env/attack/bin/python: can't open file '/home/nfs/ashokrikalisa/Master-Thesis/masterthesis/DABRLR/src/experiments/federated.py': [Errno 2] No such file or directory
srun: error: gpu07: task 0: Exited with exit code 2
srun: launch/slurm: _step_signal: Terminating StepId=8549234.0
/tudelft.net/staff-bulk/ewi/insy/CYS/shoarmin/env/attack/bin/python: can't open file '/home/nfs/ashokrikalisa/Master-Thesis/masterthesis/DABRLR/src/experiments/federated.py': [Errno 2] No such file or directory
srun: error: gpu07: task 0: Exited with exit code 2
srun: launch/slurm: _step_signal: Terminating StepId=8549234.1
/tudelft.net/staff-bulk/ewi/insy/CYS/shoarmin/env/attack/bin/python: can't open file '/home/nfs/ashokrikalisa/Master-Thesis/masterthesis/DABRLR/src/experiments/federated.py': [Errno 2] No such file or directory
srun: error: gpu07: task 0: Exited with exit code 2
srun: launch/slurm: _step_signal: Terminating StepId=8549234.2
/tudelft.net/staff-bulk/ewi/insy/CYS/shoarmin/env/attack/bin/python: can't open file '/home/nfs/ashokrikalisa/Master-Thesis/masterthesis/DABRLR/src/experiments/federated.py': [Errno 2] No such file or directory
srun: error: gpu07: task 0: Exited with exit code 2
srun: launch/slurm: _step_signal: Terminating StepId=8549234.3
gpu_utilization [%], mem_utilization [%], max_memory_usage [MiB], time [ms]
